2025-12-10 20:35:30 - app - INFO - [logging_config.py:75] - Logging configured: level=INFO
2025-12-10 20:35:30 - werkzeug - WARNING - [_internal.py:97] -  * Debugger is active!
2025-12-10 20:35:49 - app - INFO - [logging_config.py:75] - Logging configured: level=INFO
2025-12-10 20:35:49 - werkzeug - WARNING - [_internal.py:97] -  * Debugger is active!
2025-12-10 20:44:07 - app - INFO - [logging_config.py:75] - Logging configured: level=INFO
2025-12-10 20:44:33 - app - INFO - [logging_config.py:75] - Logging configured: level=INFO
2025-12-10 20:44:33 - werkzeug - WARNING - [_internal.py:97] -  * Debugger is active!
2025-12-10 20:44:35 - app - INFO - [logging_config.py:75] - Logging configured: level=INFO
2025-12-10 20:44:35 - werkzeug - WARNING - [_internal.py:97] -  * Debugger is active!
2025-12-10 20:44:48 - app - INFO - [logging_config.py:75] - Logging configured: level=INFO
2025-12-10 20:44:49 - app - INFO - [logging_config.py:75] - Logging configured: level=INFO
2025-12-10 20:44:49 - werkzeug - WARNING - [_internal.py:97] -  * Debugger is active!
2025-12-10 20:47:17 - app - INFO - [logging_config.py:75] - Logging configured: level=INFO
2025-12-10 20:47:17 - werkzeug - WARNING - [_internal.py:97] -  * Debugger is active!
2025-12-10 20:48:08 - app - INFO - [logging_config.py:75] - Logging configured: level=INFO
2025-12-10 21:43:52 - app - INFO - [logging_config.py:75] - Logging configured: level=INFO
2025-12-10 21:43:52 - werkzeug - WARNING - [_internal.py:97] -  * Debugger is active!
2025-12-10 21:43:58 - app - INFO - [logging_config.py:75] - Logging configured: level=INFO
2025-12-10 21:43:58 - werkzeug - WARNING - [_internal.py:97] -  * Debugger is active!
2025-12-10 21:44:10 - app - INFO - [logging_config.py:75] - Logging configured: level=INFO
2025-12-10 21:44:10 - werkzeug - WARNING - [_internal.py:97] -  * Debugger is active!
2025-12-10 21:47:55 - app - INFO - [logging_config.py:75] - Logging configured: level=INFO
2025-12-10 21:47:55 - werkzeug - WARNING - [_internal.py:97] -  * Debugger is active!
2025-12-10 21:48:37 - app - INFO - [logging_config.py:75] - Logging configured: level=INFO
2025-12-10 21:48:38 - app - INFO - [logging_config.py:75] - Logging configured: level=INFO
2025-12-10 21:48:38 - werkzeug - WARNING - [_internal.py:97] -  * Debugger is active!
2025-12-10 21:59:47 - app - INFO - [logging_config.py:75] - Logging configured: level=INFO
2025-12-10 21:59:48 - app - INFO - [logging_config.py:75] - Logging configured: level=INFO
2025-12-10 21:59:48 - werkzeug - WARNING - [_internal.py:97] -  * Debugger is active!
2025-12-10 23:22:57 - app - INFO - [logging_config.py:75] - Logging configured: level=INFO
2025-12-10 23:22:57 - werkzeug - WARNING - [_internal.py:97] -  * Debugger is active!
2025-12-10 23:23:30 - app - INFO - [logging_config.py:75] - Logging configured: level=INFO
2025-12-10 23:23:30 - werkzeug - WARNING - [_internal.py:97] -  * Debugger is active!
2025-12-10 23:25:21 - app - INFO - [logging_config.py:75] - Logging configured: level=INFO
2025-12-10 23:25:21 - werkzeug - WARNING - [_internal.py:97] -  * Debugger is active!
2025-12-10 23:26:40 - app - INFO - [logging_config.py:75] - Logging configured: level=INFO
2025-12-10 23:26:41 - app - INFO - [logging_config.py:75] - Logging configured: level=INFO
2025-12-10 23:26:41 - werkzeug - WARNING - [_internal.py:97] -  * Debugger is active!
2025-12-10 23:28:02 - app - INFO - [logging_config.py:75] - Logging configured: level=INFO
2025-12-10 23:28:02 - werkzeug - WARNING - [_internal.py:97] -  * Debugger is active!
2025-12-10 23:44:03 - app - INFO - [logging_config.py:75] - Logging configured: level=INFO
2025-12-10 23:44:05 - app - INFO - [logging_config.py:75] - Logging configured: level=INFO
2025-12-10 23:44:05 - werkzeug - WARNING - [_internal.py:97] -  * Debugger is active!
2025-12-10 23:44:14 - app - INFO - [logging_config.py:75] - Logging configured: level=INFO
2025-12-10 23:48:58 - app - INFO - [logging_config.py:75] - Logging configured: level=INFO
2025-12-10 23:48:59 - app - INFO - [logging_config.py:75] - Logging configured: level=INFO
2025-12-10 23:48:59 - werkzeug - WARNING - [_internal.py:97] -  * Debugger is active!
2025-12-10 23:49:48 - app - INFO - [logging_config.py:75] - Logging configured: level=INFO
2025-12-10 23:49:48 - werkzeug - WARNING - [_internal.py:97] -  * Debugger is active!
2025-12-10 23:50:15 - app - INFO - [logging_config.py:75] - Logging configured: level=INFO
2025-12-10 23:50:15 - werkzeug - WARNING - [_internal.py:97] -  * Debugger is active!
2025-12-10 23:51:03 - app - INFO - [logging_config.py:75] - Logging configured: level=INFO
2025-12-10 23:51:07 - app - INFO - [logging_config.py:75] - Logging configured: level=INFO
2025-12-10 23:51:40 - app - INFO - [logging_config.py:75] - Logging configured: level=INFO
2025-12-10 23:51:40 - werkzeug - WARNING - [_internal.py:97] -  * Debugger is active!
2025-12-10 23:53:15 - app - INFO - [logging_config.py:75] - Logging configured: level=INFO
2025-12-10 23:53:36 - app - INFO - [logging_config.py:75] - Logging configured: level=INFO
2025-12-10 23:53:44 - app - INFO - [logging_config.py:75] - Logging configured: level=INFO
2025-12-10 23:54:10 - app - INFO - [logging_config.py:75] - Logging configured: level=INFO
2025-12-10 23:54:13 - app - INFO - [logging_config.py:75] - Logging configured: level=INFO
2025-12-10 23:54:13 - werkzeug - WARNING - [_internal.py:97] -  * Debugger is active!
2025-12-10 23:54:34 - app - INFO - [logging_config.py:75] - Logging configured: level=INFO
2025-12-11 00:34:53 - app - INFO - [logging_config.py:75] - Logging configured: level=INFO
2025-12-11 00:34:53 - werkzeug - WARNING - [_internal.py:97] -  * Debugger is active!
2025-12-11 00:39:26 - app - INFO - [logging_config.py:75] - Logging configured: level=INFO
2025-12-11 00:39:28 - app - INFO - [logging_config.py:75] - Logging configured: level=INFO
2025-12-11 00:39:28 - werkzeug - WARNING - [_internal.py:97] -  * Debugger is active!
2025-12-11 00:39:28 - app - INFO - [logging_config.py:75] - Logging configured: level=INFO
2025-12-11 00:39:28 - werkzeug - WARNING - [_internal.py:97] -  * Debugger is active!
2025-12-11 00:40:54 - app - INFO - [logging_config.py:75] - Logging configured: level=INFO
2025-12-11 00:40:54 - werkzeug - WARNING - [_internal.py:97] -  * Debugger is active!
2025-12-11 00:40:55 - app - INFO - [logging_config.py:75] - Logging configured: level=INFO
2025-12-11 00:40:55 - werkzeug - WARNING - [_internal.py:97] -  * Debugger is active!
2025-12-11 01:05:58 - app - INFO - [logging_config.py:75] - Logging configured: level=INFO
2025-12-11 01:05:58 - werkzeug - WARNING - [_internal.py:97] -  * Debugger is active!
2025-12-11 01:05:58 - app - INFO - [logging_config.py:75] - Logging configured: level=INFO
2025-12-11 01:05:58 - werkzeug - WARNING - [_internal.py:97] -  * Debugger is active!
2025-12-11 01:07:21 - app - INFO - [logging_config.py:75] - Logging configured: level=INFO
2025-12-11 01:07:21 - werkzeug - WARNING - [_internal.py:97] -  * Debugger is active!
2025-12-11 01:07:21 - app - INFO - [logging_config.py:75] - Logging configured: level=INFO
2025-12-11 01:07:21 - werkzeug - WARNING - [_internal.py:97] -  * Debugger is active!
2025-12-11 11:04:28 - app - INFO - [logging_config.py:75] - Logging configured: level=INFO
2025-12-11 11:04:28 - app - INFO - [logging_config.py:75] - Logging configured: level=INFO
2025-12-11 11:04:28 - werkzeug - WARNING - [_internal.py:97] -  * Debugger is active!
2025-12-11 11:04:28 - werkzeug - WARNING - [_internal.py:97] -  * Debugger is active!
2025-12-11 11:06:17 - app - INFO - [logging_config.py:75] - Logging configured: level=INFO
2025-12-11 11:06:17 - werkzeug - WARNING - [_internal.py:97] -  * Debugger is active!
2025-12-11 11:06:17 - app - INFO - [logging_config.py:75] - Logging configured: level=INFO
2025-12-11 11:06:17 - werkzeug - WARNING - [_internal.py:97] -  * Debugger is active!
2025-12-11 11:06:39 - app - INFO - [logging_config.py:75] - Logging configured: level=INFO
2025-12-11 11:06:41 - app - INFO - [logging_config.py:75] - Logging configured: level=INFO
2025-12-11 11:06:41 - werkzeug - WARNING - [_internal.py:97] -  * Debugger is active!
2025-12-11 11:06:41 - app - INFO - [logging_config.py:75] - Logging configured: level=INFO
2025-12-11 11:06:41 - werkzeug - WARNING - [_internal.py:97] -  * Debugger is active!
2025-12-11 11:06:49 - app - INFO - [logging_config.py:75] - Logging configured: level=INFO
2025-12-11 11:06:50 - werkzeug - WARNING - [_internal.py:97] -  * Debugger is active!
2025-12-11 11:06:50 - app - INFO - [logging_config.py:75] - Logging configured: level=INFO
2025-12-11 11:06:50 - werkzeug - WARNING - [_internal.py:97] -  * Debugger is active!
2025-12-11 11:07:38 - app - INFO - [logging_config.py:75] - Logging configured: level=INFO
2025-12-11 11:07:38 - werkzeug - WARNING - [_internal.py:97] -  * Debugger is active!
2025-12-11 11:07:38 - app - INFO - [logging_config.py:75] - Logging configured: level=INFO
2025-12-11 11:07:38 - werkzeug - WARNING - [_internal.py:97] -  * Debugger is active!
2025-12-11 11:08:15 - app - INFO - [logging_config.py:75] - Logging configured: level=INFO
2025-12-11 11:08:15 - werkzeug - WARNING - [_internal.py:97] -  * Debugger is active!
2025-12-11 11:08:15 - app - INFO - [logging_config.py:75] - Logging configured: level=INFO
2025-12-11 11:08:15 - werkzeug - WARNING - [_internal.py:97] -  * Debugger is active!
2025-12-11 11:08:36 - app - INFO - [logging_config.py:75] - Logging configured: level=INFO
2025-12-11 11:08:36 - werkzeug - WARNING - [_internal.py:97] -  * Debugger is active!
2025-12-11 11:08:36 - app - INFO - [logging_config.py:75] - Logging configured: level=INFO
2025-12-11 11:08:36 - werkzeug - WARNING - [_internal.py:97] -  * Debugger is active!
2025-12-11 11:10:16 - app - INFO - [logging_config.py:75] - Logging configured: level=INFO
2025-12-11 11:10:17 - app - INFO - [logging_config.py:75] - Logging configured: level=INFO
2025-12-11 11:10:25 - app - INFO - [logging_config.py:75] - Logging configured: level=INFO
2025-12-11 11:11:49 - app - INFO - [logging_config.py:75] - Logging configured: level=INFO
2025-12-11 11:16:01 - app - INFO - [logging_config.py:75] - Logging configured: level=INFO
2025-12-11 11:41:24 - app - INFO - [logging_config.py:75] - Logging configured: level=INFO
2025-12-11 11:48:55 - __main__ - ERROR - [app.py:437] - Sync error for company GQA170124FQA: SAT no aceptó la solicitud. Código: 301, Mensaje: XML Mal Formado:La solicitud de descarga no es válida. Fecha final invalida
2025-12-11 12:55:26 - __main__ - ERROR - [app.py:437] - Sync error for company GQA170124FQA: SAT no aceptó la solicitud. Código: 301, Mensaje: XML Mal Formado:La solicitud de descarga no es válida. Fecha final invalida
2025-12-14 19:25:13 - app - INFO - [logging_config.py:75] - Logging configured: level=INFO
2025-12-14 21:53:01 - app - INFO - [logging_config.py:75] - Logging configured: level=INFO
2025-12-14 21:54:38 - __main__ - ERROR - [app.py:494] - Error generando PDF para factura 7403ED89-9510-4D0E-8BE2-15994877E166: Error al generar PDF desde XML: weasyprint is not installed
2025-12-14 21:54:51 - __main__ - ERROR - [app.py:494] - Error generando PDF para factura 7403ED89-9510-4D0E-8BE2-15994877E166: Error al generar PDF desde XML: weasyprint is not installed
2025-12-14 21:55:10 - __main__ - ERROR - [app.py:494] - Error generando PDF para factura CEB1A5D4-F001-40B3-A3E5-219D71D790E5: Error al generar PDF desde XML: weasyprint is not installed
2025-12-14 21:55:22 - __main__ - ERROR - [app.py:494] - Error generando PDF para factura 7403ED89-9510-4D0E-8BE2-15994877E166: Error al generar PDF desde XML: weasyprint is not installed
2025-12-14 21:56:31 - app - INFO - [logging_config.py:75] - Logging configured: level=INFO
2025-12-14 21:56:41 - __main__ - ERROR - [app.py:494] - Error generando PDF para factura 7403ED89-9510-4D0E-8BE2-15994877E166: Error al generar PDF desde XML: weasyprint is not installed
2025-12-14 21:57:46 - app - INFO - [logging_config.py:75] - Logging configured: level=INFO
2025-12-14 21:58:00 - __main__ - ERROR - [app.py:494] - Error generando PDF para factura 7403ED89-9510-4D0E-8BE2-15994877E166: Error al generar PDF desde XML: weasyprint is not installed
2025-12-14 21:58:14 - app - INFO - [logging_config.py:75] - Logging configured: level=INFO
2025-12-14 21:58:20 - __main__ - ERROR - [app.py:494] - Error generando PDF para factura 7403ED89-9510-4D0E-8BE2-15994877E166: Error al generar PDF desde XML: weasyprint is not installed
2025-12-14 22:06:35 - app - INFO - [logging_config.py:75] - Logging configured: level=INFO
2025-12-14 22:06:36 - __main__ - ERROR - [app.py:494] - Error generando PDF para factura 7403ED89-9510-4D0E-8BE2-15994877E166: Error al generar PDF desde XML: weasyprint is not installed
2025-12-14 22:06:48 - app - INFO - [logging_config.py:75] - Logging configured: level=INFO
2025-12-14 22:07:00 - app - INFO - [logging_config.py:75] - Logging configured: level=INFO
2025-12-15 13:33:18 - app - INFO - [logging_config.py:75] - Logging configured: level=INFO
2025-12-15 13:48:05 - app - INFO - [logging_config.py:75] - Logging configured: level=INFO
2025-12-15 13:51:45 - app - INFO - [logging_config.py:75] - Logging configured: level=INFO
2025-12-15 13:51:58 - app - INFO - [logging_config.py:75] - Logging configured: level=INFO
2025-12-15 14:05:02 - app - INFO - [logging_config.py:75] - Logging configured: level=INFO
2025-12-15 14:15:51 - app - INFO - [logging_config.py:75] - Logging configured: level=INFO
2025-12-15 14:16:22 - app - INFO - [logging_config.py:75] - Logging configured: level=INFO
2025-12-15 14:19:23 - app - ERROR - [app.py:838] - Exception on /companies/2/suppliers/16 [GET]
Traceback (most recent call last):
  File "C:\Users\ameri\AppData\Local\Packages\PythonSoftwareFoundation.Python.3.13_qbz5n2kfra8p0\LocalCache\local-packages\Python313\site-packages\flask\app.py", line 1473, in wsgi_app
    response = self.full_dispatch_request()
  File "C:\Users\ameri\AppData\Local\Packages\PythonSoftwareFoundation.Python.3.13_qbz5n2kfra8p0\LocalCache\local-packages\Python313\site-packages\flask\app.py", line 882, in full_dispatch_request
    rv = self.handle_user_exception(e)
  File "C:\Users\ameri\AppData\Local\Packages\PythonSoftwareFoundation.Python.3.13_qbz5n2kfra8p0\LocalCache\local-packages\Python313\site-packages\flask\app.py", line 880, in full_dispatch_request
    rv = self.dispatch_request()
  File "C:\Users\ameri\AppData\Local\Packages\PythonSoftwareFoundation.Python.3.13_qbz5n2kfra8p0\LocalCache\local-packages\Python313\site-packages\flask\app.py", line 865, in dispatch_request
    return self.ensure_sync(self.view_functions[rule.endpoint])(**view_args)  # type: ignore[no-any-return]
           ~~~~~~~~~~~~~~~~~~~~~~~~~~~~~~~~~~~~~~~~~~~~~~~~~~~~^^^^^^^^^^^^^
  File "C:\Users\ameri\AppData\Local\Packages\PythonSoftwareFoundation.Python.3.13_qbz5n2kfra8p0\LocalCache\local-packages\Python313\site-packages\flask_login\utils.py", line 290, in decorated_view
    return current_app.ensure_sync(func)(*args, **kwargs)
           ~~~~~~~~~~~~~~~~~~~~~~~~~~~~~^^^^^^^^^^^^^^^^^
  File "C:\desarrollo\sat\working\app.py", line 738, in supplier_detail
    
    
    ...<4 lines>...
    def suppliers(company_id):
    ^^^^^^^^^
  File "C:\Users\ameri\AppData\Local\Packages\PythonSoftwareFoundation.Python.3.13_qbz5n2kfra8p0\LocalCache\local-packages\Python313\site-packages\flask\templating.py", line 149, in render_template
    template = app.jinja_env.get_or_select_template(template_name_or_list)
  File "C:\Users\ameri\AppData\Local\Packages\PythonSoftwareFoundation.Python.3.13_qbz5n2kfra8p0\LocalCache\local-packages\Python313\site-packages\jinja2\environment.py", line 1084, in get_or_select_template
    return self.get_template(template_name_or_list, parent, globals)
           ~~~~~~~~~~~~~~~~~^^^^^^^^^^^^^^^^^^^^^^^^^^^^^^^^^^^^^^^^
  File "C:\Users\ameri\AppData\Local\Packages\PythonSoftwareFoundation.Python.3.13_qbz5n2kfra8p0\LocalCache\local-packages\Python313\site-packages\jinja2\environment.py", line 1013, in get_template
    return self._load_template(name, globals)
           ~~~~~~~~~~~~~~~~~~~^^^^^^^^^^^^^^^
  File "C:\Users\ameri\AppData\Local\Packages\PythonSoftwareFoundation.Python.3.13_qbz5n2kfra8p0\LocalCache\local-packages\Python313\site-packages\jinja2\environment.py", line 972, in _load_template
    template = self.loader.load(self, name, self.make_globals(globals))
  File "C:\Users\ameri\AppData\Local\Packages\PythonSoftwareFoundation.Python.3.13_qbz5n2kfra8p0\LocalCache\local-packages\Python313\site-packages\jinja2\loaders.py", line 126, in load
    source, filename, uptodate = self.get_source(environment, name)
                                 ~~~~~~~~~~~~~~~^^^^^^^^^^^^^^^^^^^
  File "C:\Users\ameri\AppData\Local\Packages\PythonSoftwareFoundation.Python.3.13_qbz5n2kfra8p0\LocalCache\local-packages\Python313\site-packages\flask\templating.py", line 65, in get_source
    return self._get_source_fast(environment, template)
           ~~~~~~~~~~~~~~~~~~~~~^^^^^^^^^^^^^^^^^^^^^^^
  File "C:\Users\ameri\AppData\Local\Packages\PythonSoftwareFoundation.Python.3.13_qbz5n2kfra8p0\LocalCache\local-packages\Python313\site-packages\flask\templating.py", line 99, in _get_source_fast
    raise TemplateNotFound(template)
jinja2.exceptions.TemplateNotFound: suppliers/detail.html
2025-12-15 17:58:23 - app - INFO - [logging_config.py:75] - Logging configured: level=INFO
2025-12-15 18:01:40 - app - INFO - [logging_config.py:75] - Logging configured: level=INFO
2025-12-15 18:22:58 - app - INFO - [logging_config.py:75] - Logging configured: level=INFO
2025-12-15 18:28:45 - app - INFO - [logging_config.py:75] - Logging configured: level=INFO
2025-12-18 01:10:09 - app - INFO - [logging_config.py:75] - Logging configured: level=INFO
2025-12-18 01:16:04 - app - INFO - [logging_config.py:75] - Logging configured: level=INFO
2025-12-18 19:02:45 - app - INFO - [logging_config.py:75] - Logging configured: level=INFO
2025-12-18 19:04:51 - app - INFO - [logging_config.py:75] - Logging configured: level=INFO
2025-12-18 19:04:59 - weasyprint - WARNING - [__init__.py:188] - Ignored `vertical-align: center` at 138:2, invalid value.
2025-12-18 19:04:59 - weasyprint - WARNING - [__init__.py:188] - Ignored `padding-bottom: none` at 152:2, invalid value.
2025-12-18 19:04:59 - weasyprint - WARNING - [__init__.py:188] - Ignored `padding-right: none` at 155:2, invalid value.
2025-12-18 19:19:45 - app - INFO - [logging_config.py:75] - Logging configured: level=INFO
2025-12-18 19:20:06 - weasyprint - WARNING - [__init__.py:188] - Ignored `vertical-align: center` at 138:2, invalid value.
2025-12-18 19:20:06 - weasyprint - WARNING - [__init__.py:188] - Ignored `padding-bottom: none` at 152:2, invalid value.
2025-12-18 19:20:06 - weasyprint - WARNING - [__init__.py:188] - Ignored `padding-right: none` at 155:2, invalid value.
2025-12-19 00:52:50 - app - INFO - [logging_config.py:75] - Logging configured: level=INFO
2025-12-19 00:53:57 - app - INFO - [logging_config.py:75] - Logging configured: level=INFO
2025-12-19 01:06:31 - app - INFO - [logging_config.py:75] - Logging configured: level=INFO
2025-12-19 01:06:53 - app - INFO - [logging_config.py:75] - Logging configured: level=INFO
2025-12-19 01:07:25 - app - INFO - [logging_config.py:75] - Logging configured: level=INFO
2025-12-19 01:07:45 - app - INFO - [logging_config.py:75] - Logging configured: level=INFO
2025-12-22 15:29:33 - app - INFO - [logging_config.py:75] - Logging configured: level=INFO
2025-12-28 23:51:56 - app - INFO - [logging_config.py:75] - Logging configured: level=INFO
2025-12-29 00:08:52 - app - INFO - [logging_config.py:75] - Logging configured: level=INFO
2025-12-29 00:11:37 - app - INFO - [logging_config.py:75] - Logging configured: level=INFO
2025-12-29 00:14:09 - app - INFO - [logging_config.py:75] - Logging configured: level=INFO
2025-12-29 00:14:17 - app - INFO - [logging_config.py:75] - Logging configured: level=INFO
2025-12-29 00:14:48 - app - INFO - [logging_config.py:75] - Logging configured: level=INFO
2025-12-29 00:15:13 - app - INFO - [logging_config.py:75] - Logging configured: level=INFO
2025-12-29 00:15:31 - app - INFO - [logging_config.py:75] - Logging configured: level=INFO
2025-12-29 00:16:35 - app - INFO - [logging_config.py:75] - Logging configured: level=INFO
2026-01-04 11:34:59 - app - INFO - [logging_config.py:75] - Logging configured: level=INFO
2026-01-04 11:34:59 - app - INFO - [logging_config.py:75] - Logging configured: level=INFO
2026-01-04 11:55:31 - app - INFO - [logging_config.py:75] - Logging configured: level=INFO
2026-01-04 11:55:56 - app - INFO - [logging_config.py:75] - Logging configured: level=INFO
2026-01-04 11:56:20 - app - ERROR - [app.py:838] - Exception on /companies/2/inventory [GET]
Traceback (most recent call last):
  File "C:\desarrollo\sat\working\.venv\Lib\site-packages\sqlalchemy\engine\base.py", line 1967, in _exec_single_context
    self.dialect.do_execute(
    ~~~~~~~~~~~~~~~~~~~~~~~^
        cursor, str_statement, effective_parameters, context
        ^^^^^^^^^^^^^^^^^^^^^^^^^^^^^^^^^^^^^^^^^^^^^^^^^^^^
    )
    ^
  File "C:\desarrollo\sat\working\.venv\Lib\site-packages\sqlalchemy\engine\default.py", line 941, in do_execute
    cursor.execute(statement, parameters)
    ~~~~~~~~~~~~~~^^^^^^^^^^^^^^^^^^^^^^^
sqlite3.OperationalError: no such column: product.sanitary_registration

The above exception was the direct cause of the following exception:

Traceback (most recent call last):
  File "C:\desarrollo\sat\working\.venv\Lib\site-packages\flask\app.py", line 1473, in wsgi_app
    response = self.full_dispatch_request()
  File "C:\desarrollo\sat\working\.venv\Lib\site-packages\flask\app.py", line 882, in full_dispatch_request
    rv = self.handle_user_exception(e)
  File "C:\desarrollo\sat\working\.venv\Lib\site-packages\flask\app.py", line 880, in full_dispatch_request
    rv = self.dispatch_request()
  File "C:\desarrollo\sat\working\.venv\Lib\site-packages\flask\app.py", line 865, in dispatch_request
    return self.ensure_sync(self.view_functions[rule.endpoint])(**view_args)  # type: ignore[no-any-return]
           ~~~~~~~~~~~~~~~~~~~~~~~~~~~~~~~~~~~~~~~~~~~~~~~~~~~~^^^^^^^^^^^^^
  File "C:\desarrollo\sat\working\.venv\Lib\site-packages\flask_login\utils.py", line 290, in decorated_view
    return current_app.ensure_sync(func)(*args, **kwargs)
           ~~~~~~~~~~~~~~~~~~~~~~~~~~~~~^^^^^^^^^^^^^^^^^
  File "c:\desarrollo\sat\working\app.py", line 1198, in inventory_list
    products = Product.query.filter_by(company_id=company_id, active=True).order_by(Product.name).all()
  File "C:\desarrollo\sat\working\.venv\Lib\site-packages\sqlalchemy\orm\query.py", line 2673, in all
    return self._iter().all()  # type: ignore
           ~~~~~~~~~~^^
  File "C:\desarrollo\sat\working\.venv\Lib\site-packages\sqlalchemy\orm\query.py", line 2827, in _iter
    result: Union[ScalarResult[_T], Result[_T]] = self.session.execute(
                                                  ~~~~~~~~~~~~~~~~~~~~^
        statement,
        ^^^^^^^^^^
        params,
        ^^^^^^^
        execution_options={"_sa_orm_load_options": self.load_options},
        ^^^^^^^^^^^^^^^^^^^^^^^^^^^^^^^^^^^^^^^^^^^^^^^^^^^^^^^^^^^^^^
    )
    ^
  File "C:\desarrollo\sat\working\.venv\Lib\site-packages\sqlalchemy\orm\session.py", line 2362, in execute
    return self._execute_internal(
           ~~~~~~~~~~~~~~~~~~~~~~^
        statement,
        ^^^^^^^^^^
    ...<4 lines>...
        _add_event=_add_event,
        ^^^^^^^^^^^^^^^^^^^^^^
    )
    ^
  File "C:\desarrollo\sat\working\.venv\Lib\site-packages\sqlalchemy\orm\session.py", line 2247, in _execute_internal
    result: Result[Any] = compile_state_cls.orm_execute_statement(
                          ~~~~~~~~~~~~~~~~~~~~~~~~~~~~~~~~~~~~~~~^
        self,
        ^^^^^
    ...<4 lines>...
        conn,
        ^^^^^
    )
    ^
  File "C:\desarrollo\sat\working\.venv\Lib\site-packages\sqlalchemy\orm\context.py", line 305, in orm_execute_statement
    result = conn.execute(
        statement, params or {}, execution_options=execution_options
    )
  File "C:\desarrollo\sat\working\.venv\Lib\site-packages\sqlalchemy\engine\base.py", line 1418, in execute
    return meth(
        self,
        distilled_parameters,
        execution_options or NO_OPTIONS,
    )
  File "C:\desarrollo\sat\working\.venv\Lib\site-packages\sqlalchemy\sql\elements.py", line 515, in _execute_on_connection
    return connection._execute_clauseelement(
           ~~~~~~~~~~~~~~~~~~~~~~~~~~~~~~~~~^
        self, distilled_params, execution_options
        ^^^^^^^^^^^^^^^^^^^^^^^^^^^^^^^^^^^^^^^^^
    )
    ^
  File "C:\desarrollo\sat\working\.venv\Lib\site-packages\sqlalchemy\engine\base.py", line 1640, in _execute_clauseelement
    ret = self._execute_context(
        dialect,
    ...<8 lines>...
        cache_hit=cache_hit,
    )
  File "C:\desarrollo\sat\working\.venv\Lib\site-packages\sqlalchemy\engine\base.py", line 1846, in _execute_context
    return self._exec_single_context(
           ~~~~~~~~~~~~~~~~~~~~~~~~~^
        dialect, context, statement, parameters
        ^^^^^^^^^^^^^^^^^^^^^^^^^^^^^^^^^^^^^^^
    )
    ^
  File "C:\desarrollo\sat\working\.venv\Lib\site-packages\sqlalchemy\engine\base.py", line 1986, in _exec_single_context
    self._handle_dbapi_exception(
    ~~~~~~~~~~~~~~~~~~~~~~~~~~~~^
        e, str_statement, effective_parameters, cursor, context
        ^^^^^^^^^^^^^^^^^^^^^^^^^^^^^^^^^^^^^^^^^^^^^^^^^^^^^^^
    )
    ^
  File "C:\desarrollo\sat\working\.venv\Lib\site-packages\sqlalchemy\engine\base.py", line 2355, in _handle_dbapi_exception
    raise sqlalchemy_exception.with_traceback(exc_info[2]) from e
  File "C:\desarrollo\sat\working\.venv\Lib\site-packages\sqlalchemy\engine\base.py", line 1967, in _exec_single_context
    self.dialect.do_execute(
    ~~~~~~~~~~~~~~~~~~~~~~~^
        cursor, str_statement, effective_parameters, context
        ^^^^^^^^^^^^^^^^^^^^^^^^^^^^^^^^^^^^^^^^^^^^^^^^^^^^
    )
    ^
  File "C:\desarrollo\sat\working\.venv\Lib\site-packages\sqlalchemy\engine\default.py", line 941, in do_execute
    cursor.execute(statement, parameters)
    ~~~~~~~~~~~~~~^^^^^^^^^^^^^^^^^^^^^^^
sqlalchemy.exc.OperationalError: (sqlite3.OperationalError) no such column: product.sanitary_registration
[SQL: SELECT product.id AS product_id, product.company_id AS product_company_id, product.sku AS product_sku, product.name AS product_name, product.description AS product_description, product.cost_price AS product_cost_price, product.selling_price AS product_selling_price, product.current_stock AS product_current_stock, product.min_stock_level AS product_min_stock_level, product.active AS product_active, product.created_at AS product_created_at, product.sanitary_registration AS product_sanitary_registration, product.is_controlled AS product_is_controlled, product.active_ingredient AS product_active_ingredient, product.presentation AS product_presentation, product.therapeutic_group AS product_therapeutic_group, product.unit_measure AS product_unit_measure 
FROM product 
WHERE product.company_id = ? AND product.active = 1 ORDER BY product.name]
[parameters: (2,)]
(Background on this error at: https://sqlalche.me/e/20/e3q8)
2026-01-04 11:56:35 - app - INFO - [logging_config.py:75] - Logging configured: level=INFO
2026-01-04 11:56:45 - app - INFO - [logging_config.py:75] - Logging configured: level=INFO
2026-01-04 11:56:54 - app - INFO - [logging_config.py:75] - Logging configured: level=INFO
2026-01-04 11:57:22 - app - INFO - [logging_config.py:75] - Logging configured: level=INFO
2026-01-04 11:57:45 - app - INFO - [logging_config.py:75] - Logging configured: level=INFO
2026-01-04 11:58:54 - app - INFO - [logging_config.py:75] - Logging configured: level=INFO
2026-01-04 11:59:02 - app - INFO - [logging_config.py:75] - Logging configured: level=INFO
2026-01-04 11:59:32 - app - INFO - [logging_config.py:75] - Logging configured: level=INFO
